<?xml version="1.0" encoding="UTF-8"?>
<!-- Generated by org.testng.reporters.JUnitReportReporter -->
<testsuite hostname="DESKTOP-4II4DM0" failures="0" tests="1" name="WindowsHandles.OmoyoBlogspots" time="10.516" errors="0" timestamp="2024-11-16T14:41:55 IST" skipped="0">
  <testcase classname="WindowsHandles.OmoyoBlogspots" name="windowHandles" time="10.516"/>
</testsuite> <!-- WindowsHandles.OmoyoBlogspots -->
