<?xml version="1.0" encoding="UTF-8"?>
<!-- Generated by org.testng.reporters.JUnitReportReporter -->
<testsuite hostname="DESKTOP-4II4DM0" failures="0" tests="1" name="ZPractice1.Frames" time="11.541" errors="0" timestamp="2024-11-16T16:30:46 IST" skipped="0">
  <testcase classname="ZPractice1.Frames" name="frameHandling" time="11.541"/>
</testsuite> <!-- ZPractice1.Frames -->
