<?xml version="1.0" encoding="UTF-8"?>
<!-- Generated by org.testng.reporters.JUnitReportReporter -->
<testsuite hostname="DESKTOP-4II4DM0" failures="0" tests="1" name="ZPractice1.SiblingFrame" time="6.716" errors="0" timestamp="2024-11-16T18:00:18 IST" skipped="0">
  <testcase classname="ZPractice1.SiblingFrame" name="handlingFrame" time="6.716"/>
</testsuite> <!-- ZPractice1.SiblingFrame -->
