<?xml version="1.0" encoding="UTF-8"?>
<!-- Generated by org.testng.reporters.JUnitReportReporter -->
<testsuite hostname="DESKTOP-4II4DM0" failures="0" tests="1" name="ZPractice1.multipleFrame" time="8.282" errors="0" timestamp="2024-11-16T16:40:50 IST" skipped="0">
  <testcase classname="ZPractice1.multipleFrame" name="frameHandling" time="8.282"/>
</testsuite> <!-- ZPractice1.multipleFrame -->
