<?xml version="1.0" encoding="UTF-8"?>
<!-- Generated by org.testng.reporters.JUnitReportReporter -->
<testsuite hostname="DESKTOP-4II4DM0" failures="0" tests="1" name="WindowsHandles.OragenHrm" time="16.925" errors="0" timestamp="2024-11-16T15:04:49 IST" skipped="0">
  <testcase classname="WindowsHandles.OragenHrm" name="windHandles" time="16.925"/>
</testsuite> <!-- WindowsHandles.OragenHrm -->
